        *************************************************************** 
        *************************************************************** 
        * BBBBBBB   BBB   BBB  BBB       BBB  BBB  BBBBBBB    BBBBBBB * 
        * BBB  BBB  BBB   BBB  BBB       BBB  BBB  BBB  BBB   BBB     * 
        * BBB  BBB  BBB   BBB  BBB       BBB  BBB  BBB   BBB  BBB     * 
        * BBBBBBB   BBBBBBBBB  BBB       BBB  BBB  BBB   BBB  BBBBBB  * 
        * BBBBBBB   BBBBBBBBB  BBB   B   BBB  BBB  BBB   BBB  BBBBBB  * 
        * BBB  BBB  BBB   BBB  BBB  BBB  BBB  BBB  BBB   BBB  BBB     * 
        * BBBBBBBB  BBB   BBB  BBBBBB BBBBBB  BBB  BBB  BBB   BBB     * 
        * BBBBBBB   BBB   BBB  BBBBB    BBBB  BBB  BBBBBBB    BBBBBBB * 
        *************************************************************** 
        *     MC Event Generator for Wide-Angle Bhabha Scattering     * 
        *                    BHWIDE version 1.04                      * 
        *************************************************************** 
        *********************** May     2001 ************************** 
        *************************************************************** 
        *              Last modification: 30.05.2001                  * 
        *************************************************************** 
        *                        AUTHORS:                             * 
        *          S. Jadach              (Stanislaw.Jadach@cern.ch)  * 
        *          W. Placzek             (Wieslaw.Placzek@cern.ch)   * 
        *          B.F.L. Ward            (bflw@slac.stanford.edu)    * 
        *************************************************************** 
        *                        PAPERS:                              * 
        * [1] S. Jadach, W. Placzek, B.F.L. Ward,                     * 
        *     Phys. Lett. B390 (1997) 298; hep-ph/9608412.            * 
        *************************************************************** 
        *                        HISTORY:                             * 
        * (1) September 1995:  version 1.00                           * 
        * (2) September 1996:  version 1.01                           * 
        * (3) February  2001:  version 1.02                           * 
        * (4) March     2001:  version 1.03                           * 
        * (5) May       2001:  version 1.04                           * 
        *************************************************************** 
        *                          WWW:                               * 
        *  http://cern.ch/placzek                                     * 
        *  http://enigma.phys.utk.edu/pub/BHWIDE/                     * 
        *************************************************************** 
        *************************************************************** 
                                                                        


 ===========================================================================
 =               *********************************                         =
 =                 BHWIDE: INPUT PARAMETRES                                =
 =               *********************************                         =
 =                1                  OPTIONS  Switches       KeyOpt     N1 =
 =                0                  Z Switch-OFF            KeyZof        =
 =                0                  Channel   Choice        KeyCha        =
 =                0                  Weighting Switch        KeyWgt        =
 =                1                  Rand. Numb. Switch      KeyRnd        =
 =             1213                  RAD. COR. Switches      KeyRad     N2 =
 =                1                  EW Correct. Switch      KeyEWC        =
 =                2                  EWC Libary choice       KeyLib        =
 =                1                  QED Mat.El. choice      KeyMod        =
 =                3                  Vac. Pol. Switch        KeyPia        =
 =       3.77399993                  CMS energy   [GeV]      CMSENE     X1 =
 =    14.243075                      CMSENE^2   [GeV^2]      SVAR          =
 =      13.00000000                  Theta_Min_e+ [deg]      THMINP     X2 =
 =     167.00000000                  Theta_Max_e+ [deg]      THMAXP     X3 =
 =      13.00000000                  Theta_Min_e- [deg]      THMINE     X4 =
 =     167.00000000                  Theta_Max_e- [deg]      THMAXE     X5 =
 =       0.22689280                  Theta_Min_e+ [rad]      THMIRP        =
 =       2.91469985                  Theta_Max_e+ [rad]      THMARP        =
 =       0.22689280                  Theta_Min_e- [rad]      THMIRE        =
 =       2.91469985                  Theta_Max_e- [rad]      THMARE        =
 =       0.10000000                  Energy_Min_e+[GeV]      ENMINP     X6 =
 =       0.10000000                  Energy_Min_e-[GeV]      ENMINE     X7 =
 =       0.05299417                  E_Min_e+/E_beam         XEMINP        =
 =       0.05299417                  E_Min_e-/E_beam         XEMINE        =
 =     100.00000000                  Acollinearity[deg]      ACOLLI     X8 =
 =       1.74532925                  Acollinearity[rad]      ACOLLR        =
 =   0.25616576E-03                  Trasf_Min [GeV^2]       TRMIN         =
 =    14.243075                      Trasf_Max [GeV^2]       TRMAX         =
 =   0.17985284E-04                  Xi_Min=TRMIN/SVAR       XIMIN         =
 =    1.0000000                      Xi_Max=TRMAX/SVAR       XIMAX         =
 =   0.99999998E-02                  Soft-Photon Cut         EPSCMS     X9 =
 =   0.99999998E-04                  Internal Soft Cut       DEL           =
 =       3.00000000                  Maximum Weight          WTMAX     X10 =
 =      91.18820190                  Z mass [GeV]            AMAZ      X11 =
 =       2.49801409                  Z width [GeV]           GAMMZ     X12 =
 =       0.22350175                  sin^2(theta_W)          SINW2     X13 =
 =     174.30000305                  t-quark mass [GeV]      AMTOP     X14 =
 =     115.00000000                  Higgs   mass [GeV]      AMHIG     X15 =
 =    1291623.1                      Born Xsecion [pb]       BORNXS        =
 ===========================================================================

 =====================DUMPS====================
  P2    0.3425269977503  -0.9317265104398   1.5662141085309   1.8543100952723
  Q2   -0.3432625080772   0.9458511551844  -1.5960028844578   1.8867138165699
 PHO    0.0007355103269  -0.0141246447446   0.0297887759269   0.0329760175859
 SUM    0.0000000000000   0.0000000000000   0.0000000000000   3.7739999294281
  ievent =  1
 =====================DUMPS====================
  P2    0.5183698157474  -0.0893178435902   1.8122040896505   1.8869999647141
  Q2   -0.5183698157474   0.0893178435902  -1.8122040896505   1.8869999647141
 SUM    0.0000000000000   0.0000000000000   0.0000000000000   3.7739999294281
 =====================DUMPS====================
  P2    0.3444969845301   0.3116503857942   1.8289244025633   1.8869999647141
  Q2   -0.3444969845301  -0.3116503857942  -1.8289244025633   1.8869999647141
 SUM    0.0000000000000   0.0000000000000   0.0000000000000   3.7739999294281
 =====================DUMPS====================
  P2    0.1021271275624  -0.4141217109015   1.7957776124226   1.8457367732495
  Q2   -0.0829836198231   0.3477675543713  -1.3970896634991   1.4421124582055
 PHO   -0.0197316729347   0.0848919729351  -0.3414866276248   0.3524331182398
 PHO    0.0018053869900  -0.0074213270419  -0.0944848467782   0.0947930471498
 PHO   -0.0012172217946  -0.0111164893631   0.0372835254796   0.0389245325835
 SUM    0.0000000000000   0.0000000000000   0.0000000000000   3.7739999294281
 =====================DUMPS====================
  P2    0.3853599771735  -0.1836522715628   1.8380763338022   1.8869963802202
  Q2   -0.2555353291041   0.1243089052962  -1.2195621883488   1.2522312888719
 PHO   -0.1298246480694   0.0593433662666  -0.6185141454534   0.6347722603360
 SUM    0.0000000000000   0.0000000000000   0.0000000000000   3.7739999294281
  ievent =  10001
  ievent =  20001
  ievent =  30001
  ievent =  40001
  ievent =  50001
  ievent =  60001
  ievent =  70001
  ievent =  80001
  ievent =  90001
  ievent =  100001
  ievent =  110001
  ievent =  120001
  ievent =  130001
  ievent =  140001
  ievent =  150001
  ievent =  160001
  ievent =  170001
  ievent =  180001
  ievent =  190001
  ievent =  200001
  ievent =  210001
  ievent =  220001
  ievent =  230001
  ievent =  240001
  ievent =  250001
  ievent =  260001
  ievent =  270001
  ievent =  280001
  ievent =  290001
  ievent =  300001
  ievent =  310001
  ievent =  320001
  ievent =  330001
  ievent =  340001
  ievent =  350001
  ievent =  360001
  ievent =  370001
  ievent =  380001
  ievent =  390001
  ievent =  400001
  ievent =  410001
  ievent =  420001
  ievent =  430001
  ievent =  440001
  ievent =  450001
  ievent =  460001
  ievent =  470001
  ievent =  480001
  ievent =  490001


 ===========================================================================
 =               *********************************                         =
 =                 BHWIDE:        WINDOW A                                 =
 =               *********************************                         =
 =           500000                  Accepted total          NEVGEN     A1 =
 =          3238307                  Raw prior reject.       IEVENT     A2 =
 =    1312424.5      +-***********   Xsec M.C. [pb]          XSECMC     A3 =
 =       0.00069333                  relat. error            ERELMC     A4 =
 =       0.46296091  +- 0.00069333   weight  M.C.            AWT        A5 =
 =                5                  WT<0                    NEVNEG     A6 =
 =              236                  WT>WTMAX                NEVOVE     A7 =
 =       3.00000000                  Maximum WT              WWMX       A8 =
 ===========================================================================



 ===========================================================================
 =               *********************************                         =
 =                 BHWIDE:        WINDOW B                                 =
 =               *********************************                         =
 =       0.63864759  +- 0.00025766  WT1*WT2*T/TP*T/TQ                   B1 =
 =       0.99670314  +- 0.00003215  WT3 from KINO4                      B2 =
 =       1.54787148  +- 0.00006329  YFS formfac              WT         B4 =
 =       0.46296091  +- 0.00069333  TOTAL                               B5 =
 =       0.00089554  +- 0.00010605  xsec/xtot: WT>WTMAX      WT         B6 =
 =      -0.00001024  +--0.00000734  xsec/xtot: WT<0          WT         B7 =
 ===========================================================================



 ===========================================================================
 =               *********************************                         =
 =                 BHWIDE:        WINDOW C                                 =
 =               Built-in average control weights.                         =
 =               Should equal one +- statist. err.                         =
 =               *********************************                         =
 =       1.00038421  +- 0.00038062  <WCTA1>                             C1 =
 =       0.99991578  +- 0.00038091  <WCTA2>                             C2 =
 =       1.00050273  +- 0.00059739  <WCTA1*WCTA2>                       C3 =
 =       1.00024673  +- 0.00017922  <WCTB1>                             C4 =
 =       1.00021224  +- 0.00017925  <WCTB2>                             C5 =
 =       1.00045296  +- 0.00026048  <WCTB1*WCTB2>                       C6 =
 ===========================================================================

 |||||||||||||||||||||||||||||||||||||||||||||||||||
 Xsec_accep =   1312.42451445 Nanob.
 error      =      0.90994943 Nanob.
  Lt=  380.974292 1/nb
 |||||||||||||||||||||||||||||||||||||||||||||||||||
